c:\users\kubab_docfidf\documents\megasync\praca inzynierska\gui\robotcontroler\x64\release\main.obj
c:\users\kubab_docfidf\documents\megasync\praca inzynierska\gui\robotcontroler\x64\release\anglesolver.obj
c:\users\kubab_docfidf\documents\megasync\praca inzynierska\gui\robotcontroler\x64\release\mainwindow.obj
c:\users\kubab_docfidf\documents\megasync\praca inzynierska\gui\robotcontroler\x64\release\horizontalslider.obj
c:\users\kubab_docfidf\documents\megasync\praca inzynierska\gui\robotcontroler\x64\release\guirenderer.obj
c:\users\kubab_docfidf\documents\megasync\praca inzynierska\gui\robotcontroler\x64\release\udpsock.obj
c:\users\kubab_docfidf\documents\megasync\praca inzynierska\gui\robotcontroler\x64\release\moc_mainwindow.obj
c:\users\kubab_docfidf\documents\megasync\praca inzynierska\gui\robotcontroler\x64\release\moc_udpsock.obj
c:\users\kubab_docfidf\documents\megasync\praca inzynierska\gui\robotcontroler\release\moc_predefs.h
c:\users\kubab_docfidf\documents\megasync\praca inzynierska\gui\robotcontroler\release\robotcontroler.exe
c:\users\kubab_docfidf\documents\megasync\praca inzynierska\gui\robotcontroler\release\moc_udpsock.cpp
c:\users\kubab_docfidf\documents\megasync\praca inzynierska\gui\robotcontroler\release\moc_mainwindow.cpp
c:\users\kubab_docfidf\documents\megasync\praca inzynierska\gui\robotcontroler\ui_mainwindow.h
c:\users\kubab_docfidf\documents\megasync\praca inzynierska\gui\robotcontroler\x64\release\robotcontroler.tlog\cl.14544.write.1.tlog
c:\users\kubab_docfidf\documents\megasync\praca inzynierska\gui\robotcontroler\x64\release\robotcontroler.tlog\cl.command.1.tlog
c:\users\kubab_docfidf\documents\megasync\praca inzynierska\gui\robotcontroler\x64\release\robotcontroler.tlog\cl.read.1.tlog
c:\users\kubab_docfidf\documents\megasync\praca inzynierska\gui\robotcontroler\x64\release\robotcontroler.tlog\custombuild.command.1.tlog
c:\users\kubab_docfidf\documents\megasync\praca inzynierska\gui\robotcontroler\x64\release\robotcontroler.tlog\custombuild.read.1.tlog
c:\users\kubab_docfidf\documents\megasync\praca inzynierska\gui\robotcontroler\x64\release\robotcontroler.tlog\custombuild.write.1.tlog
c:\users\kubab_docfidf\documents\megasync\praca inzynierska\gui\robotcontroler\x64\release\robotcontroler.tlog\link.command.1.tlog
c:\users\kubab_docfidf\documents\megasync\praca inzynierska\gui\robotcontroler\x64\release\robotcontroler.tlog\link.read.1.tlog
c:\users\kubab_docfidf\documents\megasync\praca inzynierska\gui\robotcontroler\x64\release\robotcontroler.tlog\link.write.1.tlog
c:\users\kubab_docfidf\documents\megasync\praca inzynierska\gui\robotcontroler\x64\release\robotcontroler.tlog\moc.read.1u.tlog
c:\users\kubab_docfidf\documents\megasync\praca inzynierska\gui\robotcontroler\x64\release\robotcontroler.tlog\moc.write.1u.tlog
c:\users\kubab_docfidf\documents\megasync\praca inzynierska\gui\robotcontroler\x64\release\robotcontroler.tlog\robotcontroler.write.1u.tlog
c:\users\kubab_docfidf\documents\megasync\praca inzynierska\gui\robotcontroler\x64\release\robotcontroler.tlog\uic.read.1u.tlog
c:\users\kubab_docfidf\documents\megasync\praca inzynierska\gui\robotcontroler\x64\release\robotcontroler.tlog\uic.write.1u.tlog
