c:\users\kubab_docfidf\documents\megasync\praca inzynierska\gui\robotcontroler\x64\debug\guirenderer.obj
c:\users\kubab_docfidf\documents\megasync\praca inzynierska\gui\robotcontroler\x64\debug\udpsock.obj
c:\users\kubab_docfidf\documents\megasync\praca inzynierska\gui\robotcontroler\x64\debug\anglesolver.obj
c:\users\kubab_docfidf\documents\megasync\praca inzynierska\gui\robotcontroler\x64\debug\main.obj
c:\users\kubab_docfidf\documents\megasync\praca inzynierska\gui\robotcontroler\x64\debug\mainwindow.obj
c:\users\kubab_docfidf\documents\megasync\praca inzynierska\gui\robotcontroler\x64\debug\horizontalslider.obj
c:\users\kubab_docfidf\documents\megasync\praca inzynierska\gui\robotcontroler\x64\debug\vc141.pdb
c:\users\kubab_docfidf\documents\megasync\praca inzynierska\gui\robotcontroler\x64\debug\moc_mainwindow.obj
c:\users\kubab_docfidf\documents\megasync\praca inzynierska\gui\robotcontroler\x64\debug\moc_udpsock.obj
c:\users\kubab_docfidf\documents\megasync\praca inzynierska\gui\robotcontroler\debug\moc_predefs.h
c:\users\kubab_docfidf\documents\megasync\praca inzynierska\gui\robotcontroler\debug\robotcontroler.exe
c:\users\kubab_docfidf\documents\megasync\praca inzynierska\gui\robotcontroler\debug\robotcontroler.ilk
c:\users\kubab_docfidf\documents\megasync\praca inzynierska\gui\robotcontroler\debug\robotcontroler.pdb
c:\users\kubab_docfidf\documents\megasync\praca inzynierska\gui\robotcontroler\debug\moc_udpsock.cpp
c:\users\kubab_docfidf\documents\megasync\praca inzynierska\gui\robotcontroler\debug\moc_mainwindow.cpp
c:\users\kubab_docfidf\documents\megasync\praca inzynierska\gui\robotcontroler\ui_mainwindow.h
c:\users\kubab_docfidf\documents\megasync\praca inzynierska\gui\robotcontroler\x64\debug\robotcontroler.tlog\cl.command.1.tlog
c:\users\kubab_docfidf\documents\megasync\praca inzynierska\gui\robotcontroler\x64\debug\robotcontroler.tlog\cl.read.1.tlog
c:\users\kubab_docfidf\documents\megasync\praca inzynierska\gui\robotcontroler\x64\debug\robotcontroler.tlog\cl.write.1.tlog
c:\users\kubab_docfidf\documents\megasync\praca inzynierska\gui\robotcontroler\x64\debug\robotcontroler.tlog\custombuild.command.1.tlog
c:\users\kubab_docfidf\documents\megasync\praca inzynierska\gui\robotcontroler\x64\debug\robotcontroler.tlog\custombuild.read.1.tlog
c:\users\kubab_docfidf\documents\megasync\praca inzynierska\gui\robotcontroler\x64\debug\robotcontroler.tlog\custombuild.write.1.tlog
c:\users\kubab_docfidf\documents\megasync\praca inzynierska\gui\robotcontroler\x64\debug\robotcontroler.tlog\link.command.1.tlog
c:\users\kubab_docfidf\documents\megasync\praca inzynierska\gui\robotcontroler\x64\debug\robotcontroler.tlog\link.read.1.tlog
c:\users\kubab_docfidf\documents\megasync\praca inzynierska\gui\robotcontroler\x64\debug\robotcontroler.tlog\link.write.1.tlog
c:\users\kubab_docfidf\documents\megasync\praca inzynierska\gui\robotcontroler\x64\debug\robotcontroler.tlog\moc.read.1u.tlog
c:\users\kubab_docfidf\documents\megasync\praca inzynierska\gui\robotcontroler\x64\debug\robotcontroler.tlog\moc.write.1u.tlog
c:\users\kubab_docfidf\documents\megasync\praca inzynierska\gui\robotcontroler\x64\debug\robotcontroler.tlog\robotcontroler.write.1u.tlog
c:\users\kubab_docfidf\documents\megasync\praca inzynierska\gui\robotcontroler\x64\debug\robotcontroler.tlog\uic.read.1u.tlog
c:\users\kubab_docfidf\documents\megasync\praca inzynierska\gui\robotcontroler\x64\debug\robotcontroler.tlog\uic.write.1u.tlog
